  [1m[36m (5.4ms)[0m  [1mCREATE TABLE "schema_migrations" ("version" varchar(255) NOT NULL) [0m
  [1m[35m (0.2ms)[0m  select sqlite_version(*)
  [1m[36m (3.6ms)[0m  [1mCREATE UNIQUE INDEX "unique_schema_migrations" ON "schema_migrations" ("version")[0m
  [1m[35mActiveRecord::SchemaMigration Load (0.1ms)[0m  SELECT "schema_migrations".* FROM "schema_migrations"
Migrating to CreateTags (20140723110307)
  [1m[36m (0.1ms)[0m  [1mbegin transaction[0m
  [1m[35m (0.4ms)[0m  CREATE TABLE "tags" ("id" INTEGER PRIMARY KEY AUTOINCREMENT NOT NULL, "title" varchar(255), "registration" date, "created_at" datetime, "updated_at" datetime) 
  [1m[36mSQL (0.2ms)[0m  [1mINSERT INTO "schema_migrations" ("version") VALUES (?)[0m  [["version", "20140723110307"]]
  [1m[35m (3.1ms)[0m  commit transaction
  [1m[36mActiveRecord::SchemaMigration Load (0.2ms)[0m  [1mSELECT "schema_migrations".* FROM "schema_migrations"[0m


Started GET "/tops" for 127.0.0.1 at 2014-07-23 20:03:31 +0900
  [1m[36mActiveRecord::SchemaMigration Load (0.2ms)[0m  [1mSELECT "schema_migrations".* FROM "schema_migrations"[0m

ActionController::RoutingError (No route matches [GET] "/tops"):
  actionpack (4.1.4) lib/action_dispatch/middleware/debug_exceptions.rb:21:in `call'
  actionpack (4.1.4) lib/action_dispatch/middleware/show_exceptions.rb:30:in `call'
  railties (4.1.4) lib/rails/rack/logger.rb:38:in `call_app'
  railties (4.1.4) lib/rails/rack/logger.rb:20:in `block in call'
  activesupport (4.1.4) lib/active_support/tagged_logging.rb:68:in `block in tagged'
  activesupport (4.1.4) lib/active_support/tagged_logging.rb:26:in `tagged'
  activesupport (4.1.4) lib/active_support/tagged_logging.rb:68:in `tagged'
  railties (4.1.4) lib/rails/rack/logger.rb:20:in `call'
  actionpack (4.1.4) lib/action_dispatch/middleware/request_id.rb:21:in `call'
  rack (1.5.2) lib/rack/methodoverride.rb:21:in `call'
  rack (1.5.2) lib/rack/runtime.rb:17:in `call'
  activesupport (4.1.4) lib/active_support/cache/strategy/local_cache_middleware.rb:26:in `call'
  rack (1.5.2) lib/rack/lock.rb:17:in `call'
  actionpack (4.1.4) lib/action_dispatch/middleware/static.rb:64:in `call'
  rack (1.5.2) lib/rack/sendfile.rb:112:in `call'
  railties (4.1.4) lib/rails/engine.rb:514:in `call'
  railties (4.1.4) lib/rails/application.rb:144:in `call'
  rack (1.5.2) lib/rack/lock.rb:17:in `call'
  rack (1.5.2) lib/rack/content_length.rb:14:in `call'
  rack (1.5.2) lib/rack/handler/webrick.rb:60:in `service'
  /home/yosuke/.rbenv/versions/2.1.2/lib/ruby/2.1.0/webrick/httpserver.rb:138:in `service'
  /home/yosuke/.rbenv/versions/2.1.2/lib/ruby/2.1.0/webrick/httpserver.rb:94:in `run'
  /home/yosuke/.rbenv/versions/2.1.2/lib/ruby/2.1.0/webrick/server.rb:295:in `block in start_thread'


  Rendered /home/yosuke/.rbenv/versions/2.1.2/lib/ruby/gems/2.1.0/gems/actionpack-4.1.4/lib/action_dispatch/middleware/templates/rescues/_trace.html.erb (1.5ms)
  Rendered /home/yosuke/.rbenv/versions/2.1.2/lib/ruby/gems/2.1.0/gems/actionpack-4.1.4/lib/action_dispatch/middleware/templates/routes/_route.html.erb (3.3ms)
  Rendered /home/yosuke/.rbenv/versions/2.1.2/lib/ruby/gems/2.1.0/gems/actionpack-4.1.4/lib/action_dispatch/middleware/templates/routes/_table.html.erb (9.1ms)
  Rendered /home/yosuke/.rbenv/versions/2.1.2/lib/ruby/gems/2.1.0/gems/actionpack-4.1.4/lib/action_dispatch/middleware/templates/rescues/routing_error.html.erb within rescues/layout (41.9ms)


Started GET "/tags" for 127.0.0.1 at 2014-07-23 20:03:38 +0900
Processing by TagsController#index as HTML
  [1m[35mTag Load (0.4ms)[0m  SELECT "tags".* FROM "tags"
  Rendered tags/index.html.erb within layouts/application (5.2ms)
Completed 200 OK in 1006ms (Views: 936.5ms | ActiveRecord: 0.4ms)


Started GET "/assets/scaffolds.css?body=1" for 127.0.0.1 at 2014-07-23 20:03:39 +0900


Started GET "/assets/application.css?body=1" for 127.0.0.1 at 2014-07-23 20:03:39 +0900


Started GET "/assets/tags.css?body=1" for 127.0.0.1 at 2014-07-23 20:03:39 +0900


Started GET "/assets/jquery_ujs.js?body=1" for 127.0.0.1 at 2014-07-23 20:03:39 +0900


Started GET "/assets/jquery.js?body=1" for 127.0.0.1 at 2014-07-23 20:03:39 +0900


Started GET "/assets/turbolinks.js?body=1" for 127.0.0.1 at 2014-07-23 20:03:39 +0900


Started GET "/assets/tags.js?body=1" for 127.0.0.1 at 2014-07-23 20:03:39 +0900


Started GET "/assets/application.js?body=1" for 127.0.0.1 at 2014-07-23 20:03:39 +0900


Started GET "/tags/new" for 127.0.0.1 at 2014-07-23 20:03:41 +0900
Processing by TagsController#new as HTML
  Rendered tags/_form.html.erb (41.2ms)
  Rendered tags/new.html.erb within layouts/application (43.2ms)
Completed 200 OK in 55ms (Views: 52.4ms | ActiveRecord: 0.6ms)


Started POST "/tags" for 127.0.0.1 at 2014-07-23 20:03:44 +0900
Processing by TagsController#create as HTML
  Parameters: {"utf8"=>"✓", "authenticity_token"=>"fpKwRE1eyN5Frsb+xhqnHH8YMJz9xv+s/vktNNvjabw=", "tag"=>{"title"=>"hoge", "registration(1i)"=>"2014", "registration(2i)"=>"7", "registration(3i)"=>"23"}, "commit"=>"Create Tag"}
  [1m[36m (0.3ms)[0m  [1mbegin transaction[0m
  [1m[35mSQL (0.4ms)[0m  INSERT INTO "tags" ("created_at", "registration", "title", "updated_at") VALUES (?, ?, ?, ?)  [["created_at", "2014-07-23 11:03:44.948402"], ["registration", "2014-07-23"], ["title", "hoge"], ["updated_at", "2014-07-23 11:03:44.948402"]]
  [1m[36m (13.1ms)[0m  [1mcommit transaction[0m
Redirected to http://localhost:3000/tags/1
Completed 302 Found in 33ms (ActiveRecord: 13.8ms)


Started GET "/tags/1" for 127.0.0.1 at 2014-07-23 20:03:44 +0900
Processing by TagsController#show as HTML
  Parameters: {"id"=>"1"}
  [1m[35mTag Load (0.5ms)[0m  SELECT  "tags".* FROM "tags"  WHERE "tags"."id" = ? LIMIT 1  [["id", 1]]
  Rendered tags/show.html.erb within layouts/application (4.0ms)
Completed 200 OK in 17ms (Views: 13.1ms | ActiveRecord: 0.5ms)


Started GET "/assets/scaffolds.css?body=1" for 127.0.0.1 at 2014-07-23 20:03:45 +0900


Started GET "/assets/tags.css?body=1" for 127.0.0.1 at 2014-07-23 20:03:45 +0900


Started GET "/assets/turbolinks.js?body=1" for 127.0.0.1 at 2014-07-23 20:03:45 +0900


Started GET "/assets/jquery_ujs.js?body=1" for 127.0.0.1 at 2014-07-23 20:03:45 +0900


Started GET "/assets/application.css?body=1" for 127.0.0.1 at 2014-07-23 20:03:45 +0900


Started GET "/assets/jquery.js?body=1" for 127.0.0.1 at 2014-07-23 20:03:45 +0900


Started GET "/assets/application.js?body=1" for 127.0.0.1 at 2014-07-23 20:03:45 +0900


Started GET "/assets/tags.js?body=1" for 127.0.0.1 at 2014-07-23 20:03:45 +0900


Started GET "/tags" for 127.0.0.1 at 2014-07-23 20:03:46 +0900
Processing by TagsController#index as HTML
  [1m[36mTag Load (0.5ms)[0m  [1mSELECT "tags".* FROM "tags"[0m
  Rendered tags/index.html.erb within layouts/application (5.4ms)
Completed 200 OK in 14ms (Views: 12.0ms | ActiveRecord: 0.5ms)


Started GET "/tags/new" for 127.0.0.1 at 2014-07-23 20:03:50 +0900
Processing by TagsController#new as HTML
  Rendered tags/_form.html.erb (6.9ms)
  Rendered tags/new.html.erb within layouts/application (8.4ms)
Completed 200 OK in 21ms (Views: 19.9ms | ActiveRecord: 0.0ms)
